0 <pad> 0
1 ( 2079712
2 ) 2079712
3 * 966358
4 + 915911
5 b 620761
6 a 618493
7 c 598124
8 <space> 421118
9 1 244568
10 0 172893
11 o 172697
12 f 162161
13 <eos> 160263
14 = 148725
15 t 118875
16 <s> 106842
17 2 91223
18 ^ 88075
19 i 81308
20 _ 76893
21 d 71354
22 n 70153
23 j 60841
24 - 57140
25 m 54329
26 | 53421
27 / 52228
28 s 42486
29 l 34047
30 u 32186
31 & 28093
32 e 26209
33 r 19706
34 p 15367
35 q 9015
36 , 7420
37 z 5861
38 > 808
39 3 728
40 4 671
41 g 570
42 8 354
43 5 279
44 6 222
45 7 201
46 v 121
47 9 76
48 w 20
